<?xml version="1.0" ?>
<coverage version="6.3.2" timestamp="1651756656900" lines-valid="46" lines-covered="46" line-rate="1" branches-covered="0" branches-valid="0" branch-rate="0" complexity="0">
	<!-- Generated by coverage.py: https://coverage.readthedocs.io -->
	<!-- Based on https://raw.githubusercontent.com/cobertura/web/master/htdocs/xml/coverage-04.dtd -->
	<sources>
		<source>/home/runner/work/poc-pytest-split-github-actions/poc-pytest-split-github-actions</source>
	</sources>
	<packages>
		<package name="project" line-rate="1" branch-rate="0" complexity="0">
			<classes>
				<class name="__init__.py" filename="project/__init__.py" complexity="0" line-rate="1" branch-rate="0">
					<methods/>
					<lines/>
				</class>
				<class name="functions.py" filename="project/functions.py" complexity="0" line-rate="1" branch-rate="0">
					<methods/>
					<lines>
						<line number="1" hits="1"/>
						<line number="4" hits="1"/>
						<line number="5" hits="1"/>
						<line number="8" hits="1"/>
						<line number="9" hits="1"/>
						<line number="12" hits="1"/>
						<line number="13" hits="1"/>
						<line number="16" hits="1"/>
						<line number="17" hits="1"/>
						<line number="20" hits="1"/>
						<line number="21" hits="1"/>
						<line number="24" hits="1"/>
						<line number="25" hits="1"/>
						<line number="28" hits="1"/>
						<line number="29" hits="1"/>
						<line number="32" hits="1"/>
						<line number="33" hits="1"/>
						<line number="36" hits="1"/>
						<line number="37" hits="1"/>
						<line number="40" hits="1"/>
						<line number="41" hits="1"/>
						<line number="44" hits="1"/>
						<line number="45" hits="1"/>
						<line number="48" hits="1"/>
						<line number="49" hits="1"/>
					</lines>
				</class>
			</classes>
		</package>
		<package name="tests" line-rate="1" branch-rate="0" complexity="0">
			<classes>
				<class name="__init__.py" filename="tests/__init__.py" complexity="0" line-rate="1" branch-rate="0">
					<methods/>
					<lines/>
				</class>
				<class name="test_functions.py" filename="tests/test_functions.py" complexity="0" line-rate="1" branch-rate="0">
					<methods/>
					<lines>
						<line number="1" hits="1"/>
						<line number="4" hits="1"/>
						<line number="5" hits="1"/>
						<line number="8" hits="1"/>
						<line number="9" hits="1"/>
						<line number="11" hits="1"/>
						<line number="12" hits="1"/>
						<line number="14" hits="1"/>
						<line number="15" hits="1"/>
						<line number="17" hits="1"/>
						<line number="18" hits="1"/>
						<line number="20" hits="1"/>
						<line number="21" hits="1"/>
						<line number="23" hits="1"/>
						<line number="24" hits="1"/>
						<line number="26" hits="1"/>
						<line number="27" hits="1"/>
						<line number="29" hits="1"/>
						<line number="30" hits="1"/>
						<line number="32" hits="1"/>
						<line number="33" hits="1"/>
					</lines>
				</class>
			</classes>
		</package>
	</packages>
</coverage>
